nohup: ignoring input
--> Generating subcircuit entries:
Subcircuit 0 has 768 entries.
Subcircuit 1 has 324 entries.
--> Running Prior Samples
rm: cannot remove 'shotqc/tmp_data/rank_17.pckl': No such file or directory
rm: cannot remove 'shotqc/tmp_data/rank_13.pckl': No such file or directory
rm: cannot remove 'shotqc/tmp_data/rank_7.pckl': No such file or directory
rm: cannot remove 'shotqc/tmp_data/rank_16.pckl': No such file or directory
rm: cannot remove 'shotqc/tmp_data/rank_14.pckl': No such file or directory
rm: cannot remove 'shotqc/tmp_data/rank_4.pckl': No such file or directory
rm: cannot remove 'shotqc/tmp_data/rank_5.pckl': No such file or directory
rm: cannot remove 'shotqc/tmp_data/rank_10.pckl': No such file or directory
rm: cannot remove 'shotqc/tmp_data/rank_12.pckl': No such file or directory
rm: cannot remove 'shotqc/tmp_data/rank_2.pckl': No such file or directory
rm: cannot remove 'shotqc/tmp_data/rank_3.pckl': No such file or directory
rm: cannot remove 'shotqc/tmp_data/rank_6.pckl': No such file or directory
rm: cannot remove 'shotqc/tmp_data/rank_9.pckl': No such file or directory
rm: cannot remove 'shotqc/tmp_data/rank_15.pckl': No such file or directory
rm: cannot remove 'shotqc/tmp_data/rank_1.pckl': No such file or directory
rm: cannot remove 'shotqc/tmp_data/rank_11.pckl': No such file or directory
rm: cannot remove 'shotqc/tmp_data/rank_8.pckl': No such file or directory
rm: cannot remove 'shotqc/tmp_data/rank_0.pckl': No such file or directory
--> Iteration 1: Running Posterior Samples
-----> Reading data
-----> Distributing Shots
Traceback (most recent call last):
  File "/home/b10901076/ShotQC/example.py", line 43, in <module>
    shotqc.execute(
  File "/home/b10901076/ShotQC/shotqc/main.py", line 103, in execute
    self._run_posterior_samples(num_shots_per_iter, batch_size=batch_size)
  File "/home/b10901076/ShotQC/shotqc/main.py", line 169, in _run_posterior_samples
    distribution = parallel_distribute(self.params, args, total_samples, batch_size=batch_size)
                   ^^^^^^^^^^^^^^^^^^^^^^^^^^^^^^^^^^^^^^^^^^^^^^^^^^^^^^^^^^^^^^^^^^^^^^^^^^^^
  File "/home/b10901076/ShotQC/shotqc/parallel_overhead_v2.py", line 612, in parallel_distribute
    entry_coef = total_entry_coef(params, args, batch_size)
                 ^^^^^^^^^^^^^^^^^^^^^^^^^^^^^^^^^^^^^^^^^^
  File "/home/b10901076/ShotQC/shotqc/parallel_overhead_v2.py", line 528, in total_entry_coef
    torch.zeros((this_batch_size,args.num_entries[subcircuit_idx])+(2,)*args.num_meas[subcircuit_idx],
torch.OutOfMemoryError: CUDA out of memory. Tried to allocate 10.12 GiB. GPU 0 has a total capacity of 22.05 GiB of which 5.83 GiB is free. Process 2461990 has 12.58 GiB memory in use. Including non-PyTorch memory, this process has 3.59 GiB memory in use. Of the allocated memory 3.14 GiB is allocated by PyTorch, and 21.49 MiB is reserved by PyTorch but unallocated. If reserved but unallocated memory is large try setting PYTORCH_CUDA_ALLOC_CONF=expandable_segments:True to avoid fragmentation.  See documentation for Memory Management  (https://pytorch.org/docs/stable/notes/cuda.html#environment-variables)
